 ORDEM 3.2.0 -  ORDEM Spacecraft Mode
 Debris Flux (#/m^2/yr/deg)
  Year: 2026  Perigee Altitude =    413.000  Apogee Altitude =   422.000  inc =   51.64
 *
 *
 *
 *
 *
 *
 *
  Az 1    Az 2    >10um      >100um     >1mm       >1cm       >10cm      >1m
 ------  ------   --------   --------   --------   --------   --------   --------  
   Min.:          1.03E-01   8.26E-04   4.45E-06   5.03E-10   1.91E-11   1.06E-11
   Max.:          2.53E+01   5.15E-02   1.85E-04   4.35E-08   5.59E-09   2.42E-09
 ------  ------   --------   --------   --------   --------   --------   --------  
  -180    -179    1.03E-01   8.26E-04   4.45E-06   5.03E-10   1.91E-11   1.13E-11
  -179    -178    1.03E-01   8.26E-04   4.45E-06   5.03E-10   1.91E-11   1.13E-11
  -178    -177    1.03E-01   8.26E-04   4.45E-06   5.03E-10   1.91E-11   1.13E-11
  -177    -176    1.03E-01   8.26E-04   4.45E-06   5.03E-10   1.91E-11   1.13E-11
  -176    -175    1.03E-01   8.26E-04   4.45E-06   5.03E-10   1.91E-11   1.13E-11
  -175    -174    1.03E-01   8.26E-04   4.45E-06   5.03E-10   1.91E-11   1.13E-11
  -174    -173    1.03E-01   8.26E-04   4.45E-06   5.03E-10   1.91E-11   1.13E-11
  -173    -172    1.03E-01   8.26E-04   4.45E-06   5.03E-10   1.91E-11   1.13E-11
  -172    -171    1.03E-01   8.26E-04   4.45E-06   5.03E-10   1.91E-11   1.13E-11
  -171    -170    1.03E-01   8.26E-04   4.45E-06   5.03E-10   1.91E-11   1.13E-11
  -170    -169    1.03E-01   8.26E-04   4.45E-06   5.03E-10   1.91E-11   1.13E-11
  -169    -168    1.03E-01   8.26E-04   4.45E-06   5.03E-10   1.91E-11   1.13E-11
  -168    -167    1.03E-01   8.26E-04   4.45E-06   5.03E-10   1.91E-11   1.13E-11
  -167    -166    1.03E-01   8.26E-04   4.45E-06   5.03E-10   1.91E-11   1.13E-11
  -166    -165    1.03E-01   8.26E-04   4.45E-06   5.03E-10   1.91E-11   1.13E-11
  -165    -164    1.03E-01   8.26E-04   4.45E-06   5.03E-10   1.91E-11   1.13E-11
  -164    -163    1.03E-01   8.26E-04   4.45E-06   5.03E-10   1.91E-11   1.13E-11
  -163    -162    1.03E-01   8.26E-04   4.45E-06   5.03E-10   1.91E-11   1.13E-11
  -162    -161    1.03E-01   8.26E-04   4.45E-06   5.03E-10   1.91E-11   1.13E-11
  -161    -160    1.03E-01   8.26E-04   4.45E-06   5.03E-10   1.91E-11   1.13E-11
  -160    -159    1.03E-01   8.26E-04   4.45E-06   5.03E-10   1.91E-11   1.13E-11
  -159    -158    1.03E-01   8.26E-04   4.45E-06   5.03E-10   1.91E-11   1.13E-11
  -158    -157    1.03E-01   8.26E-04   4.45E-06   5.03E-10   1.91E-11   1.13E-11
  -157    -156    1.03E-01   8.26E-04   4.45E-06   5.03E-10   1.91E-11   1.13E-11
  -156    -155    1.03E-01   8.26E-04   4.45E-06   5.03E-10   1.91E-11   1.13E-11
  -155    -154    1.03E-01   8.26E-04   4.45E-06   5.03E-10   1.91E-11   1.13E-11
  -154    -153    1.03E-01   8.26E-04   4.45E-06   5.03E-10   1.91E-11   1.13E-11
  -153    -152    1.03E-01   8.26E-04   4.45E-06   5.03E-10   1.91E-11   1.13E-11
  -152    -151    1.03E-01   8.26E-04   4.45E-06   5.03E-10   1.91E-11   1.13E-11
  -151    -150    1.03E-01   8.26E-04   4.45E-06   5.03E-10   1.91E-11   1.13E-11
  -150    -149    1.24E-01   1.28E-03   6.57E-06   5.49E-10   1.97E-11   1.06E-11
  -149    -148    1.24E-01   1.28E-03   6.57E-06   5.49E-10   1.97E-11   1.06E-11
  -148    -147    1.24E-01   1.28E-03   6.57E-06   5.49E-10   1.97E-11   1.06E-11
  -147    -146    1.24E-01   1.28E-03   6.57E-06   5.49E-10   1.97E-11   1.06E-11
  -146    -145    1.24E-01   1.28E-03   6.57E-06   5.49E-10   1.97E-11   1.06E-11
  -145    -144    1.24E-01   1.28E-03   6.57E-06   5.49E-10   1.97E-11   1.06E-11
  -144    -143    1.24E-01   1.28E-03   6.57E-06   5.49E-10   1.97E-11   1.06E-11
  -143    -142    1.24E-01   1.28E-03   6.57E-06   5.49E-10   1.97E-11   1.06E-11
  -142    -141    1.24E-01   1.28E-03   6.57E-06   5.49E-10   1.97E-11   1.06E-11
  -141    -140    1.24E-01   1.28E-03   6.57E-06   5.49E-10   1.97E-11   1.06E-11
  -140    -139    1.24E-01   1.28E-03   6.57E-06   5.49E-10   1.97E-11   1.06E-11
  -139    -138    1.24E-01   1.28E-03   6.57E-06   5.49E-10   1.97E-11   1.06E-11
  -138    -137    1.24E-01   1.28E-03   6.57E-06   5.49E-10   1.97E-11   1.06E-11
  -137    -136    1.24E-01   1.28E-03   6.57E-06   5.49E-10   1.97E-11   1.06E-11
  -136    -135    1.24E-01   1.28E-03   6.57E-06   5.49E-10   1.97E-11   1.06E-11
  -135    -134    1.24E-01   1.28E-03   6.57E-06   5.49E-10   1.97E-11   1.06E-11
  -134    -133    1.24E-01   1.28E-03   6.57E-06   5.49E-10   1.97E-11   1.06E-11
  -133    -132    1.24E-01   1.28E-03   6.57E-06   5.49E-10   1.97E-11   1.06E-11
  -132    -131    1.24E-01   1.28E-03   6.57E-06   5.49E-10   1.97E-11   1.06E-11
  -131    -130    1.24E-01   1.28E-03   6.57E-06   5.49E-10   1.97E-11   1.06E-11
  -130    -129    1.24E-01   1.28E-03   6.57E-06   5.49E-10   1.97E-11   1.06E-11
  -129    -128    1.24E-01   1.28E-03   6.57E-06   5.49E-10   1.97E-11   1.06E-11
  -128    -127    1.24E-01   1.28E-03   6.57E-06   5.49E-10   1.97E-11   1.06E-11
  -127    -126    1.24E-01   1.28E-03   6.57E-06   5.49E-10   1.97E-11   1.06E-11
  -126    -125    1.24E-01   1.28E-03   6.57E-06   5.49E-10   1.97E-11   1.06E-11
  -125    -124    1.24E-01   1.28E-03   6.57E-06   5.49E-10   1.97E-11   1.06E-11
  -124    -123    1.24E-01   1.28E-03   6.57E-06   5.49E-10   1.97E-11   1.06E-11
  -123    -122    1.24E-01   1.28E-03   6.57E-06   5.49E-10   1.97E-11   1.06E-11
  -122    -121    1.24E-01   1.28E-03   6.57E-06   5.49E-10   1.97E-11   1.06E-11
  -121    -120    1.24E-01   1.28E-03   6.57E-06   5.49E-10   1.97E-11   1.06E-11
  -120    -119    3.92E-01   3.13E-03   1.85E-05   3.69E-09   8.81E-11   3.70E-11
  -119    -118    3.92E-01   3.13E-03   1.85E-05   3.69E-09   8.81E-11   3.70E-11
  -118    -117    3.92E-01   3.13E-03   1.85E-05   3.69E-09   8.81E-11   3.70E-11
  -117    -116    3.92E-01   3.13E-03   1.85E-05   3.69E-09   8.81E-11   3.70E-11
  -116    -115    3.92E-01   3.13E-03   1.85E-05   3.69E-09   8.81E-11   3.70E-11
  -115    -114    3.92E-01   3.13E-03   1.85E-05   3.69E-09   8.81E-11   3.70E-11
  -114    -113    3.92E-01   3.13E-03   1.85E-05   3.69E-09   8.81E-11   3.70E-11
  -113    -112    3.92E-01   3.13E-03   1.85E-05   3.69E-09   8.81E-11   3.70E-11
  -112    -111    3.92E-01   3.13E-03   1.85E-05   3.69E-09   8.81E-11   3.70E-11
  -111    -110    3.92E-01   3.13E-03   1.85E-05   3.69E-09   8.81E-11   3.70E-11
  -110    -109    3.92E-01   3.13E-03   1.85E-05   3.69E-09   8.81E-11   3.70E-11
  -109    -108    3.92E-01   3.13E-03   1.85E-05   3.69E-09   8.81E-11   3.70E-11
  -108    -107    3.92E-01   3.13E-03   1.85E-05   3.69E-09   8.81E-11   3.70E-11
  -107    -106    3.92E-01   3.13E-03   1.85E-05   3.69E-09   8.81E-11   3.70E-11
  -106    -105    3.92E-01   3.13E-03   1.85E-05   3.69E-09   8.81E-11   3.70E-11
  -105    -104    3.92E-01   3.13E-03   1.85E-05   3.69E-09   8.81E-11   3.70E-11
  -104    -103    3.92E-01   3.13E-03   1.85E-05   3.69E-09   8.81E-11   3.70E-11
  -103    -102    3.92E-01   3.13E-03   1.85E-05   3.69E-09   8.81E-11   3.70E-11
  -102    -101    3.92E-01   3.13E-03   1.85E-05   3.69E-09   8.81E-11   3.70E-11
  -101    -100    3.92E-01   3.13E-03   1.85E-05   3.69E-09   8.81E-11   3.70E-11
  -100     -99    3.92E-01   3.13E-03   1.85E-05   3.69E-09   8.81E-11   3.70E-11
   -99     -98    3.92E-01   3.13E-03   1.85E-05   3.69E-09   8.81E-11   3.70E-11
   -98     -97    3.92E-01   3.13E-03   1.85E-05   3.69E-09   8.81E-11   3.70E-11
   -97     -96    3.92E-01   3.13E-03   1.85E-05   3.69E-09   8.81E-11   3.70E-11
   -96     -95    3.92E-01   3.13E-03   1.85E-05   3.69E-09   8.81E-11   3.70E-11
   -95     -94    3.92E-01   3.13E-03   1.85E-05   3.69E-09   8.81E-11   3.70E-11
   -94     -93    3.92E-01   3.13E-03   1.85E-05   3.69E-09   8.81E-11   3.70E-11
   -93     -92    3.92E-01   3.13E-03   1.85E-05   3.69E-09   8.81E-11   3.70E-11
   -92     -91    3.92E-01   3.13E-03   1.85E-05   3.69E-09   8.81E-11   3.70E-11
   -91     -90    3.92E-01   3.13E-03   1.85E-05   3.69E-09   8.81E-11   3.70E-11
   -90     -89    1.33E+01   3.75E-02   1.83E-04   3.35E-08   3.03E-09   1.33E-09
   -89     -88    1.33E+01   3.75E-02   1.83E-04   3.35E-08   3.03E-09   1.33E-09
   -88     -87    1.33E+01   3.75E-02   1.83E-04   3.35E-08   3.03E-09   1.33E-09
   -87     -86    1.33E+01   3.75E-02   1.83E-04   3.35E-08   3.03E-09   1.33E-09
   -86     -85    1.33E+01   3.75E-02   1.83E-04   3.35E-08   3.03E-09   1.33E-09
   -85     -84    1.33E+01   3.75E-02   1.83E-04   3.35E-08   3.03E-09   1.33E-09
   -84     -83    1.33E+01   3.75E-02   1.83E-04   3.35E-08   3.03E-09   1.33E-09
   -83     -82    1.33E+01   3.75E-02   1.83E-04   3.35E-08   3.03E-09   1.33E-09
   -82     -81    1.33E+01   3.75E-02   1.83E-04   3.35E-08   3.03E-09   1.33E-09
   -81     -80    1.33E+01   3.75E-02   1.83E-04   3.35E-08   3.03E-09   1.33E-09
   -80     -79    1.33E+01   3.75E-02   1.83E-04   3.35E-08   3.03E-09   1.33E-09
   -79     -78    1.33E+01   3.75E-02   1.83E-04   3.35E-08   3.03E-09   1.33E-09
   -78     -77    1.33E+01   3.75E-02   1.83E-04   3.35E-08   3.03E-09   1.33E-09
   -77     -76    1.33E+01   3.75E-02   1.83E-04   3.35E-08   3.03E-09   1.33E-09
   -76     -75    1.33E+01   3.75E-02   1.83E-04   3.35E-08   3.03E-09   1.33E-09
   -75     -74    1.33E+01   3.75E-02   1.83E-04   3.35E-08   3.03E-09   1.33E-09
   -74     -73    1.33E+01   3.75E-02   1.83E-04   3.35E-08   3.03E-09   1.33E-09
   -73     -72    1.33E+01   3.75E-02   1.83E-04   3.35E-08   3.03E-09   1.33E-09
   -72     -71    1.33E+01   3.75E-02   1.83E-04   3.35E-08   3.03E-09   1.33E-09
   -71     -70    1.33E+01   3.75E-02   1.83E-04   3.35E-08   3.03E-09   1.33E-09
   -70     -69    1.33E+01   3.75E-02   1.83E-04   3.35E-08   3.03E-09   1.33E-09
   -69     -68    1.33E+01   3.75E-02   1.83E-04   3.35E-08   3.03E-09   1.33E-09
   -68     -67    1.33E+01   3.75E-02   1.83E-04   3.35E-08   3.03E-09   1.33E-09
   -67     -66    1.33E+01   3.75E-02   1.83E-04   3.35E-08   3.03E-09   1.33E-09
   -66     -65    1.33E+01   3.75E-02   1.83E-04   3.35E-08   3.03E-09   1.33E-09
   -65     -64    1.33E+01   3.75E-02   1.83E-04   3.35E-08   3.03E-09   1.33E-09
   -64     -63    1.33E+01   3.75E-02   1.83E-04   3.35E-08   3.03E-09   1.33E-09
   -63     -62    1.33E+01   3.75E-02   1.83E-04   3.35E-08   3.03E-09   1.33E-09
   -62     -61    1.33E+01   3.75E-02   1.83E-04   3.35E-08   3.03E-09   1.33E-09
   -61     -60    1.33E+01   3.75E-02   1.83E-04   3.35E-08   3.03E-09   1.33E-09
   -60     -59    2.53E+01   5.15E-02   1.85E-04   4.35E-08   5.59E-09   2.42E-09
   -59     -58    2.53E+01   5.15E-02   1.85E-04   4.35E-08   5.59E-09   2.42E-09
   -58     -57    2.53E+01   5.15E-02   1.85E-04   4.35E-08   5.59E-09   2.42E-09
   -57     -56    2.53E+01   5.15E-02   1.85E-04   4.35E-08   5.59E-09   2.42E-09
   -56     -55    2.53E+01   5.15E-02   1.85E-04   4.35E-08   5.59E-09   2.42E-09
   -55     -54    2.53E+01   5.15E-02   1.85E-04   4.35E-08   5.59E-09   2.42E-09
   -54     -53    2.53E+01   5.15E-02   1.85E-04   4.35E-08   5.59E-09   2.42E-09
   -53     -52    2.53E+01   5.15E-02   1.85E-04   4.35E-08   5.59E-09   2.42E-09
   -52     -51    2.53E+01   5.15E-02   1.85E-04   4.35E-08   5.59E-09   2.42E-09
   -51     -50    2.53E+01   5.15E-02   1.85E-04   4.35E-08   5.59E-09   2.42E-09
   -50     -49    2.53E+01   5.15E-02   1.85E-04   4.35E-08   5.59E-09   2.42E-09
   -49     -48    2.53E+01   5.15E-02   1.85E-04   4.35E-08   5.59E-09   2.42E-09
   -48     -47    2.53E+01   5.15E-02   1.85E-04   4.35E-08   5.59E-09   2.42E-09
   -47     -46    2.53E+01   5.15E-02   1.85E-04   4.35E-08   5.59E-09   2.42E-09
   -46     -45    2.53E+01   5.15E-02   1.85E-04   4.35E-08   5.59E-09   2.42E-09
   -45     -44    2.53E+01   5.15E-02   1.85E-04   4.35E-08   5.59E-09   2.42E-09
   -44     -43    2.53E+01   5.15E-02   1.85E-04   4.35E-08   5.59E-09   2.42E-09
   -43     -42    2.53E+01   5.15E-02   1.85E-04   4.35E-08   5.59E-09   2.42E-09
   -42     -41    2.53E+01   5.15E-02   1.85E-04   4.35E-08   5.59E-09   2.42E-09
   -41     -40    2.53E+01   5.15E-02   1.85E-04   4.35E-08   5.59E-09   2.42E-09
   -40     -39    2.53E+01   5.15E-02   1.85E-04   4.35E-08   5.59E-09   2.42E-09
   -39     -38    2.53E+01   5.15E-02   1.85E-04   4.35E-08   5.59E-09   2.42E-09
   -38     -37    2.53E+01   5.15E-02   1.85E-04   4.35E-08   5.59E-09   2.42E-09
   -37     -36    2.53E+01   5.15E-02   1.85E-04   4.35E-08   5.59E-09   2.42E-09
   -36     -35    2.53E+01   5.15E-02   1.85E-04   4.35E-08   5.59E-09   2.42E-09
   -35     -34    2.53E+01   5.15E-02   1.85E-04   4.35E-08   5.59E-09   2.42E-09
   -34     -33    2.53E+01   5.15E-02   1.85E-04   4.35E-08   5.59E-09   2.42E-09
   -33     -32    2.53E+01   5.15E-02   1.85E-04   4.35E-08   5.59E-09   2.42E-09
   -32     -31    2.53E+01   5.15E-02   1.85E-04   4.35E-08   5.59E-09   2.42E-09
   -31     -30    2.53E+01   5.15E-02   1.85E-04   4.35E-08   5.59E-09   2.42E-09
   -30     -29    1.75E+01   3.20E-02   1.06E-04   2.82E-08   4.49E-09   2.32E-09
   -29     -28    1.75E+01   3.20E-02   1.06E-04   2.82E-08   4.49E-09   2.32E-09
   -28     -27    1.75E+01   3.20E-02   1.06E-04   2.82E-08   4.49E-09   2.32E-09
   -27     -26    1.75E+01   3.20E-02   1.06E-04   2.82E-08   4.49E-09   2.32E-09
   -26     -25    1.75E+01   3.20E-02   1.06E-04   2.82E-08   4.49E-09   2.32E-09
   -25     -24    1.75E+01   3.20E-02   1.06E-04   2.82E-08   4.49E-09   2.32E-09
   -24     -23    1.75E+01   3.20E-02   1.06E-04   2.82E-08   4.49E-09   2.32E-09
   -23     -22    1.75E+01   3.20E-02   1.06E-04   2.82E-08   4.49E-09   2.32E-09
   -22     -21    1.75E+01   3.20E-02   1.06E-04   2.82E-08   4.49E-09   2.32E-09
   -21     -20    1.75E+01   3.20E-02   1.06E-04   2.82E-08   4.49E-09   2.32E-09
   -20     -19    1.75E+01   3.20E-02   1.06E-04   2.82E-08   4.49E-09   2.32E-09
   -19     -18    1.75E+01   3.20E-02   1.06E-04   2.82E-08   4.49E-09   2.32E-09
   -18     -17    1.75E+01   3.20E-02   1.06E-04   2.82E-08   4.49E-09   2.32E-09
   -17     -16    1.75E+01   3.20E-02   1.06E-04   2.82E-08   4.49E-09   2.32E-09
   -16     -15    1.75E+01   3.20E-02   1.06E-04   2.82E-08   4.49E-09   2.32E-09
   -15     -14    1.75E+01   3.20E-02   1.06E-04   2.82E-08   4.49E-09   2.32E-09
   -14     -13    1.75E+01   3.20E-02   1.06E-04   2.82E-08   4.49E-09   2.32E-09
   -13     -12    1.75E+01   3.20E-02   1.06E-04   2.82E-08   4.49E-09   2.32E-09
   -12     -11    1.75E+01   3.20E-02   1.06E-04   2.82E-08   4.49E-09   2.32E-09
   -11     -10    1.75E+01   3.20E-02   1.06E-04   2.82E-08   4.49E-09   2.32E-09
   -10      -9    1.75E+01   3.20E-02   1.06E-04   2.82E-08   4.49E-09   2.32E-09
    -9      -8    1.75E+01   3.20E-02   1.06E-04   2.82E-08   4.49E-09   2.32E-09
    -8      -7    1.75E+01   3.20E-02   1.06E-04   2.82E-08   4.49E-09   2.32E-09
    -7      -6    1.75E+01   3.20E-02   1.06E-04   2.82E-08   4.49E-09   2.32E-09
    -6      -5    1.75E+01   3.20E-02   1.06E-04   2.82E-08   4.49E-09   2.32E-09
    -5      -4    1.75E+01   3.20E-02   1.06E-04   2.82E-08   4.49E-09   2.32E-09
    -4      -3    1.75E+01   3.20E-02   1.06E-04   2.82E-08   4.49E-09   2.32E-09
    -3      -2    1.75E+01   3.20E-02   1.06E-04   2.82E-08   4.49E-09   2.32E-09
    -2      -1    1.75E+01   3.20E-02   1.06E-04   2.82E-08   4.49E-09   2.32E-09
    -1       0    1.75E+01   3.20E-02   1.06E-04   2.82E-08   4.49E-09   2.32E-09
     0       1    1.75E+01   3.20E-02   1.06E-04   2.82E-08   4.49E-09   2.32E-09
     1       2    1.75E+01   3.20E-02   1.06E-04   2.82E-08   4.49E-09   2.32E-09
     2       3    1.75E+01   3.20E-02   1.06E-04   2.82E-08   4.49E-09   2.32E-09
     3       4    1.75E+01   3.20E-02   1.06E-04   2.82E-08   4.49E-09   2.32E-09
     4       5    1.75E+01   3.20E-02   1.06E-04   2.82E-08   4.49E-09   2.32E-09
     5       6    1.75E+01   3.20E-02   1.06E-04   2.82E-08   4.49E-09   2.32E-09
     6       7    1.75E+01   3.20E-02   1.06E-04   2.82E-08   4.49E-09   2.32E-09
     7       8    1.75E+01   3.20E-02   1.06E-04   2.82E-08   4.49E-09   2.32E-09
     8       9    1.75E+01   3.20E-02   1.06E-04   2.82E-08   4.49E-09   2.32E-09
     9      10    1.75E+01   3.20E-02   1.06E-04   2.82E-08   4.49E-09   2.32E-09
    10      11    1.75E+01   3.20E-02   1.06E-04   2.82E-08   4.49E-09   2.32E-09
    11      12    1.75E+01   3.20E-02   1.06E-04   2.82E-08   4.49E-09   2.32E-09
    12      13    1.75E+01   3.20E-02   1.06E-04   2.82E-08   4.49E-09   2.32E-09
    13      14    1.75E+01   3.20E-02   1.06E-04   2.82E-08   4.49E-09   2.32E-09
    14      15    1.75E+01   3.20E-02   1.06E-04   2.82E-08   4.49E-09   2.32E-09
    15      16    1.75E+01   3.20E-02   1.06E-04   2.82E-08   4.49E-09   2.32E-09
    16      17    1.75E+01   3.20E-02   1.06E-04   2.82E-08   4.49E-09   2.32E-09
    17      18    1.75E+01   3.20E-02   1.06E-04   2.82E-08   4.49E-09   2.32E-09
    18      19    1.75E+01   3.20E-02   1.06E-04   2.82E-08   4.49E-09   2.32E-09
    19      20    1.75E+01   3.20E-02   1.06E-04   2.82E-08   4.49E-09   2.32E-09
    20      21    1.75E+01   3.20E-02   1.06E-04   2.82E-08   4.49E-09   2.32E-09
    21      22    1.75E+01   3.20E-02   1.06E-04   2.82E-08   4.49E-09   2.32E-09
    22      23    1.75E+01   3.20E-02   1.06E-04   2.82E-08   4.49E-09   2.32E-09
    23      24    1.75E+01   3.20E-02   1.06E-04   2.82E-08   4.49E-09   2.32E-09
    24      25    1.75E+01   3.20E-02   1.06E-04   2.82E-08   4.49E-09   2.32E-09
    25      26    1.75E+01   3.20E-02   1.06E-04   2.82E-08   4.49E-09   2.32E-09
    26      27    1.75E+01   3.20E-02   1.06E-04   2.82E-08   4.49E-09   2.32E-09
    27      28    1.75E+01   3.20E-02   1.06E-04   2.82E-08   4.49E-09   2.32E-09
    28      29    1.75E+01   3.20E-02   1.06E-04   2.82E-08   4.49E-09   2.32E-09
    29      30    1.75E+01   3.20E-02   1.06E-04   2.82E-08   4.49E-09   2.32E-09
    30      31    2.53E+01   5.15E-02   1.85E-04   4.35E-08   5.59E-09   2.42E-09
    31      32    2.53E+01   5.15E-02   1.85E-04   4.35E-08   5.59E-09   2.42E-09
    32      33    2.53E+01   5.15E-02   1.85E-04   4.35E-08   5.59E-09   2.42E-09
    33      34    2.53E+01   5.15E-02   1.85E-04   4.35E-08   5.59E-09   2.42E-09
    34      35    2.53E+01   5.15E-02   1.85E-04   4.35E-08   5.59E-09   2.42E-09
    35      36    2.53E+01   5.15E-02   1.85E-04   4.35E-08   5.59E-09   2.42E-09
    36      37    2.53E+01   5.15E-02   1.85E-04   4.35E-08   5.59E-09   2.42E-09
    37      38    2.53E+01   5.15E-02   1.85E-04   4.35E-08   5.59E-09   2.42E-09
    38      39    2.53E+01   5.15E-02   1.85E-04   4.35E-08   5.59E-09   2.42E-09
    39      40    2.53E+01   5.15E-02   1.85E-04   4.35E-08   5.59E-09   2.42E-09
    40      41    2.53E+01   5.15E-02   1.85E-04   4.35E-08   5.59E-09   2.42E-09
    41      42    2.53E+01   5.15E-02   1.85E-04   4.35E-08   5.59E-09   2.42E-09
    42      43    2.53E+01   5.15E-02   1.85E-04   4.35E-08   5.59E-09   2.42E-09
    43      44    2.53E+01   5.15E-02   1.85E-04   4.35E-08   5.59E-09   2.42E-09
    44      45    2.53E+01   5.15E-02   1.85E-04   4.35E-08   5.59E-09   2.42E-09
    45      46    2.53E+01   5.15E-02   1.85E-04   4.35E-08   5.59E-09   2.42E-09
    46      47    2.53E+01   5.15E-02   1.85E-04   4.35E-08   5.59E-09   2.42E-09
    47      48    2.53E+01   5.15E-02   1.85E-04   4.35E-08   5.59E-09   2.42E-09
    48      49    2.53E+01   5.15E-02   1.85E-04   4.35E-08   5.59E-09   2.42E-09
    49      50    2.53E+01   5.15E-02   1.85E-04   4.35E-08   5.59E-09   2.42E-09
    50      51    2.53E+01   5.15E-02   1.85E-04   4.35E-08   5.59E-09   2.42E-09
    51      52    2.53E+01   5.15E-02   1.85E-04   4.35E-08   5.59E-09   2.42E-09
    52      53    2.53E+01   5.15E-02   1.85E-04   4.35E-08   5.59E-09   2.42E-09
    53      54    2.53E+01   5.15E-02   1.85E-04   4.35E-08   5.59E-09   2.42E-09
    54      55    2.53E+01   5.15E-02   1.85E-04   4.35E-08   5.59E-09   2.42E-09
    55      56    2.53E+01   5.15E-02   1.85E-04   4.35E-08   5.59E-09   2.42E-09
    56      57    2.53E+01   5.15E-02   1.85E-04   4.35E-08   5.59E-09   2.42E-09
    57      58    2.53E+01   5.15E-02   1.85E-04   4.35E-08   5.59E-09   2.42E-09
    58      59    2.53E+01   5.15E-02   1.85E-04   4.35E-08   5.59E-09   2.42E-09
    59      60    2.53E+01   5.15E-02   1.85E-04   4.35E-08   5.59E-09   2.42E-09
    60      61    1.33E+01   3.75E-02   1.83E-04   3.35E-08   3.03E-09   1.33E-09
    61      62    1.33E+01   3.75E-02   1.83E-04   3.35E-08   3.03E-09   1.33E-09
    62      63    1.33E+01   3.75E-02   1.83E-04   3.35E-08   3.03E-09   1.33E-09
    63      64    1.33E+01   3.75E-02   1.83E-04   3.35E-08   3.03E-09   1.33E-09
    64      65    1.33E+01   3.75E-02   1.83E-04   3.35E-08   3.03E-09   1.33E-09
    65      66    1.33E+01   3.75E-02   1.83E-04   3.35E-08   3.03E-09   1.33E-09
    66      67    1.33E+01   3.75E-02   1.83E-04   3.35E-08   3.03E-09   1.33E-09
    67      68    1.33E+01   3.75E-02   1.83E-04   3.35E-08   3.03E-09   1.33E-09
    68      69    1.33E+01   3.75E-02   1.83E-04   3.35E-08   3.03E-09   1.33E-09
    69      70    1.33E+01   3.75E-02   1.83E-04   3.35E-08   3.03E-09   1.33E-09
    70      71    1.33E+01   3.75E-02   1.83E-04   3.35E-08   3.03E-09   1.33E-09
    71      72    1.33E+01   3.75E-02   1.83E-04   3.35E-08   3.03E-09   1.33E-09
    72      73    1.33E+01   3.75E-02   1.83E-04   3.35E-08   3.03E-09   1.33E-09
    73      74    1.33E+01   3.75E-02   1.83E-04   3.35E-08   3.03E-09   1.33E-09
    74      75    1.33E+01   3.75E-02   1.83E-04   3.35E-08   3.03E-09   1.33E-09
    75      76    1.33E+01   3.75E-02   1.83E-04   3.35E-08   3.03E-09   1.33E-09
    76      77    1.33E+01   3.75E-02   1.83E-04   3.35E-08   3.03E-09   1.33E-09
    77      78    1.33E+01   3.75E-02   1.83E-04   3.35E-08   3.03E-09   1.33E-09
    78      79    1.33E+01   3.75E-02   1.83E-04   3.35E-08   3.03E-09   1.33E-09
    79      80    1.33E+01   3.75E-02   1.83E-04   3.35E-08   3.03E-09   1.33E-09
    80      81    1.33E+01   3.75E-02   1.83E-04   3.35E-08   3.03E-09   1.33E-09
    81      82    1.33E+01   3.75E-02   1.83E-04   3.35E-08   3.03E-09   1.33E-09
    82      83    1.33E+01   3.75E-02   1.83E-04   3.35E-08   3.03E-09   1.33E-09
    83      84    1.33E+01   3.75E-02   1.83E-04   3.35E-08   3.03E-09   1.33E-09
    84      85    1.33E+01   3.75E-02   1.83E-04   3.35E-08   3.03E-09   1.33E-09
    85      86    1.33E+01   3.75E-02   1.83E-04   3.35E-08   3.03E-09   1.33E-09
    86      87    1.33E+01   3.75E-02   1.83E-04   3.35E-08   3.03E-09   1.33E-09
    87      88    1.33E+01   3.75E-02   1.83E-04   3.35E-08   3.03E-09   1.33E-09
    88      89    1.33E+01   3.75E-02   1.83E-04   3.35E-08   3.03E-09   1.33E-09
    89      90    1.33E+01   3.75E-02   1.83E-04   3.35E-08   3.03E-09   1.33E-09
    90      91    3.92E-01   3.13E-03   1.85E-05   3.69E-09   8.81E-11   3.70E-11
    91      92    3.92E-01   3.13E-03   1.85E-05   3.69E-09   8.81E-11   3.70E-11
    92      93    3.92E-01   3.13E-03   1.85E-05   3.69E-09   8.81E-11   3.70E-11
    93      94    3.92E-01   3.13E-03   1.85E-05   3.69E-09   8.81E-11   3.70E-11
    94      95    3.92E-01   3.13E-03   1.85E-05   3.69E-09   8.81E-11   3.70E-11
    95      96    3.92E-01   3.13E-03   1.85E-05   3.69E-09   8.81E-11   3.70E-11
    96      97    3.92E-01   3.13E-03   1.85E-05   3.69E-09   8.81E-11   3.70E-11
    97      98    3.92E-01   3.13E-03   1.85E-05   3.69E-09   8.81E-11   3.70E-11
    98      99    3.92E-01   3.13E-03   1.85E-05   3.69E-09   8.81E-11   3.70E-11
    99     100    3.92E-01   3.13E-03   1.85E-05   3.69E-09   8.81E-11   3.70E-11
   100     101    3.92E-01   3.13E-03   1.85E-05   3.69E-09   8.81E-11   3.70E-11
   101     102    3.92E-01   3.13E-03   1.85E-05   3.69E-09   8.81E-11   3.70E-11
   102     103    3.92E-01   3.13E-03   1.85E-05   3.69E-09   8.81E-11   3.70E-11
   103     104    3.92E-01   3.13E-03   1.85E-05   3.69E-09   8.81E-11   3.70E-11
   104     105    3.92E-01   3.13E-03   1.85E-05   3.69E-09   8.81E-11   3.70E-11
   105     106    3.92E-01   3.13E-03   1.85E-05   3.69E-09   8.81E-11   3.70E-11
   106     107    3.92E-01   3.13E-03   1.85E-05   3.69E-09   8.81E-11   3.70E-11
   107     108    3.92E-01   3.13E-03   1.85E-05   3.69E-09   8.81E-11   3.70E-11
   108     109    3.92E-01   3.13E-03   1.85E-05   3.69E-09   8.81E-11   3.70E-11
   109     110    3.92E-01   3.13E-03   1.85E-05   3.69E-09   8.81E-11   3.70E-11
   110     111    3.92E-01   3.13E-03   1.85E-05   3.69E-09   8.81E-11   3.70E-11
   111     112    3.92E-01   3.13E-03   1.85E-05   3.69E-09   8.81E-11   3.70E-11
   112     113    3.92E-01   3.13E-03   1.85E-05   3.69E-09   8.81E-11   3.70E-11
   113     114    3.92E-01   3.13E-03   1.85E-05   3.69E-09   8.81E-11   3.70E-11
   114     115    3.92E-01   3.13E-03   1.85E-05   3.69E-09   8.81E-11   3.70E-11
   115     116    3.92E-01   3.13E-03   1.85E-05   3.69E-09   8.81E-11   3.70E-11
   116     117    3.92E-01   3.13E-03   1.85E-05   3.69E-09   8.81E-11   3.70E-11
   117     118    3.92E-01   3.13E-03   1.85E-05   3.69E-09   8.81E-11   3.70E-11
   118     119    3.92E-01   3.13E-03   1.85E-05   3.69E-09   8.81E-11   3.70E-11
   119     120    3.92E-01   3.13E-03   1.85E-05   3.69E-09   8.81E-11   3.70E-11
   120     121    1.24E-01   1.28E-03   6.57E-06   5.49E-10   1.97E-11   1.06E-11
   121     122    1.24E-01   1.28E-03   6.57E-06   5.49E-10   1.97E-11   1.06E-11
   122     123    1.24E-01   1.28E-03   6.57E-06   5.49E-10   1.97E-11   1.06E-11
   123     124    1.24E-01   1.28E-03   6.57E-06   5.49E-10   1.97E-11   1.06E-11
   124     125    1.24E-01   1.28E-03   6.57E-06   5.49E-10   1.97E-11   1.06E-11
   125     126    1.24E-01   1.28E-03   6.57E-06   5.49E-10   1.97E-11   1.06E-11
   126     127    1.24E-01   1.28E-03   6.57E-06   5.49E-10   1.97E-11   1.06E-11
   127     128    1.24E-01   1.28E-03   6.57E-06   5.49E-10   1.97E-11   1.06E-11
   128     129    1.24E-01   1.28E-03   6.57E-06   5.49E-10   1.97E-11   1.06E-11
   129     130    1.24E-01   1.28E-03   6.57E-06   5.49E-10   1.97E-11   1.06E-11
   130     131    1.24E-01   1.28E-03   6.57E-06   5.49E-10   1.97E-11   1.06E-11
   131     132    1.24E-01   1.28E-03   6.57E-06   5.49E-10   1.97E-11   1.06E-11
   132     133    1.24E-01   1.28E-03   6.57E-06   5.49E-10   1.97E-11   1.06E-11
   133     134    1.24E-01   1.28E-03   6.57E-06   5.49E-10   1.97E-11   1.06E-11
   134     135    1.24E-01   1.28E-03   6.57E-06   5.49E-10   1.97E-11   1.06E-11
   135     136    1.24E-01   1.28E-03   6.57E-06   5.49E-10   1.97E-11   1.06E-11
   136     137    1.24E-01   1.28E-03   6.57E-06   5.49E-10   1.97E-11   1.06E-11
   137     138    1.24E-01   1.28E-03   6.57E-06   5.49E-10   1.97E-11   1.06E-11
   138     139    1.24E-01   1.28E-03   6.57E-06   5.49E-10   1.97E-11   1.06E-11
   139     140    1.24E-01   1.28E-03   6.57E-06   5.49E-10   1.97E-11   1.06E-11
   140     141    1.24E-01   1.28E-03   6.57E-06   5.49E-10   1.97E-11   1.06E-11
   141     142    1.24E-01   1.28E-03   6.57E-06   5.49E-10   1.97E-11   1.06E-11
   142     143    1.24E-01   1.28E-03   6.57E-06   5.49E-10   1.97E-11   1.06E-11
   143     144    1.24E-01   1.28E-03   6.57E-06   5.49E-10   1.97E-11   1.06E-11
   144     145    1.24E-01   1.28E-03   6.57E-06   5.49E-10   1.97E-11   1.06E-11
   145     146    1.24E-01   1.28E-03   6.57E-06   5.49E-10   1.97E-11   1.06E-11
   146     147    1.24E-01   1.28E-03   6.57E-06   5.49E-10   1.97E-11   1.06E-11
   147     148    1.24E-01   1.28E-03   6.57E-06   5.49E-10   1.97E-11   1.06E-11
   148     149    1.24E-01   1.28E-03   6.57E-06   5.49E-10   1.97E-11   1.06E-11
   149     150    1.24E-01   1.28E-03   6.57E-06   5.49E-10   1.97E-11   1.06E-11
   150     151    1.03E-01   8.26E-04   4.45E-06   5.03E-10   1.91E-11   1.13E-11
   151     152    1.03E-01   8.26E-04   4.45E-06   5.03E-10   1.91E-11   1.13E-11
   152     153    1.03E-01   8.26E-04   4.45E-06   5.03E-10   1.91E-11   1.13E-11
   153     154    1.03E-01   8.26E-04   4.45E-06   5.03E-10   1.91E-11   1.13E-11
   154     155    1.03E-01   8.26E-04   4.45E-06   5.03E-10   1.91E-11   1.13E-11
   155     156    1.03E-01   8.26E-04   4.45E-06   5.03E-10   1.91E-11   1.13E-11
   156     157    1.03E-01   8.26E-04   4.45E-06   5.03E-10   1.91E-11   1.13E-11
   157     158    1.03E-01   8.26E-04   4.45E-06   5.03E-10   1.91E-11   1.13E-11
   158     159    1.03E-01   8.26E-04   4.45E-06   5.03E-10   1.91E-11   1.13E-11
   159     160    1.03E-01   8.26E-04   4.45E-06   5.03E-10   1.91E-11   1.13E-11
   160     161    1.03E-01   8.26E-04   4.45E-06   5.03E-10   1.91E-11   1.13E-11
   161     162    1.03E-01   8.26E-04   4.45E-06   5.03E-10   1.91E-11   1.13E-11
   162     163    1.03E-01   8.26E-04   4.45E-06   5.03E-10   1.91E-11   1.13E-11
   163     164    1.03E-01   8.26E-04   4.45E-06   5.03E-10   1.91E-11   1.13E-11
   164     165    1.03E-01   8.26E-04   4.45E-06   5.03E-10   1.91E-11   1.13E-11
   165     166    1.03E-01   8.26E-04   4.45E-06   5.03E-10   1.91E-11   1.13E-11
   166     167    1.03E-01   8.26E-04   4.45E-06   5.03E-10   1.91E-11   1.13E-11
   167     168    1.03E-01   8.26E-04   4.45E-06   5.03E-10   1.91E-11   1.13E-11
   168     169    1.03E-01   8.26E-04   4.45E-06   5.03E-10   1.91E-11   1.13E-11
   169     170    1.03E-01   8.26E-04   4.45E-06   5.03E-10   1.91E-11   1.13E-11
   170     171    1.03E-01   8.26E-04   4.45E-06   5.03E-10   1.91E-11   1.13E-11
   171     172    1.03E-01   8.26E-04   4.45E-06   5.03E-10   1.91E-11   1.13E-11
   172     173    1.03E-01   8.26E-04   4.45E-06   5.03E-10   1.91E-11   1.13E-11
   173     174    1.03E-01   8.26E-04   4.45E-06   5.03E-10   1.91E-11   1.13E-11
   174     175    1.03E-01   8.26E-04   4.45E-06   5.03E-10   1.91E-11   1.13E-11
   175     176    1.03E-01   8.26E-04   4.45E-06   5.03E-10   1.91E-11   1.13E-11
   176     177    1.03E-01   8.26E-04   4.45E-06   5.03E-10   1.91E-11   1.13E-11
   177     178    1.03E-01   8.26E-04   4.45E-06   5.03E-10   1.91E-11   1.13E-11
   178     179    1.03E-01   8.26E-04   4.45E-06   5.03E-10   1.91E-11   1.13E-11
   179     180    1.03E-01   8.26E-04   4.45E-06   5.03E-10   1.91E-11   1.13E-11
