 ORDEM 3.2.0 -  ORDEM Spacecraft Mode
 Debris Flux (#/m^2/yr/kps)
  Year: 2026  Perigee Altitude =    413.000  Apogee Altitude =   422.000  inc =   51.64
 *
 *
 *
 *
 *
 *
 *
 Vel 1   Vel 2    >10um      >100um     >1mm       >1cm       >10cm      >1m
 ------  ------   --------   --------   --------   --------   --------   --------  
   Min.:          7.58E-01   1.12E-03   1.31E-06   9.56E-10   1.23E-11   6.43E-12
   Max.:          4.85E+02   8.91E-01   3.21E-03   8.47E-07   1.10E-07   4.83E-08
 ------  ------   --------   --------   --------   --------   --------   --------  
   0.0     0.1    1.68E+01   6.10E-02   3.08E-04   2.58E-08   2.94E-09   1.20E-09
   0.1     0.2    1.68E+01   6.10E-02   3.08E-04   2.58E-08   2.94E-09   1.20E-09
   0.2     0.3    1.68E+01   6.10E-02   3.08E-04   2.58E-08   2.94E-09   1.20E-09
   0.3     0.4    1.68E+01   6.10E-02   3.08E-04   2.58E-08   2.94E-09   1.20E-09
   0.4     0.5    1.68E+01   6.10E-02   3.08E-04   2.58E-08   2.94E-09   1.20E-09
   0.5     0.6    1.68E+01   6.10E-02   3.08E-04   2.58E-08   2.94E-09   1.20E-09
   0.6     0.7    1.68E+01   6.10E-02   3.08E-04   2.58E-08   2.94E-09   1.20E-09
   0.7     0.8    1.68E+01   6.10E-02   3.08E-04   2.58E-08   2.94E-09   1.20E-09
   0.8     0.9    1.68E+01   6.10E-02   3.08E-04   2.58E-08   2.94E-09   1.20E-09
   0.9     1.0    1.68E+01   6.10E-02   3.08E-04   2.58E-08   2.94E-09   1.20E-09
   1.0     1.1    1.68E+01   6.10E-02   3.08E-04   2.58E-08   2.94E-09   1.20E-09
   1.1     1.2    1.68E+01   6.10E-02   3.08E-04   2.58E-08   2.94E-09   1.20E-09
   1.2     1.3    1.68E+01   6.10E-02   3.08E-04   2.58E-08   2.94E-09   1.20E-09
   1.3     1.4    1.68E+01   6.10E-02   3.08E-04   2.58E-08   2.94E-09   1.20E-09
   1.4     1.5    1.68E+01   6.10E-02   3.08E-04   2.58E-08   2.94E-09   1.20E-09
   1.5     1.6    1.68E+01   6.10E-02   3.08E-04   2.58E-08   2.94E-09   1.20E-09
   1.6     1.7    1.68E+01   6.10E-02   3.08E-04   2.58E-08   2.94E-09   1.20E-09
   1.7     1.8    1.68E+01   6.10E-02   3.08E-04   2.58E-08   2.94E-09   1.20E-09
   1.8     1.9    1.68E+01   6.10E-02   3.08E-04   2.58E-08   2.94E-09   1.20E-09
   1.9     2.0    1.68E+01   6.10E-02   3.08E-04   2.58E-08   2.94E-09   1.20E-09
   2.0     2.1    6.24E+01   1.61E-01   6.78E-04   1.00E-07   8.85E-09   3.27E-09
   2.1     2.2    6.24E+01   1.61E-01   6.78E-04   1.00E-07   8.85E-09   3.27E-09
   2.2     2.3    6.24E+01   1.61E-01   6.78E-04   1.00E-07   8.85E-09   3.27E-09
   2.3     2.4    6.24E+01   1.61E-01   6.78E-04   1.00E-07   8.85E-09   3.27E-09
   2.4     2.5    6.24E+01   1.61E-01   6.78E-04   1.00E-07   8.85E-09   3.27E-09
   2.5     2.6    6.24E+01   1.61E-01   6.78E-04   1.00E-07   8.85E-09   3.27E-09
   2.6     2.7    6.24E+01   1.61E-01   6.78E-04   1.00E-07   8.85E-09   3.27E-09
   2.7     2.8    6.24E+01   1.61E-01   6.78E-04   1.00E-07   8.85E-09   3.27E-09
   2.8     2.9    6.24E+01   1.61E-01   6.78E-04   1.00E-07   8.85E-09   3.27E-09
   2.9     3.0    6.24E+01   1.61E-01   6.78E-04   1.00E-07   8.85E-09   3.27E-09
   3.0     3.1    6.24E+01   1.61E-01   6.78E-04   1.00E-07   8.85E-09   3.27E-09
   3.1     3.2    6.24E+01   1.61E-01   6.78E-04   1.00E-07   8.85E-09   3.27E-09
   3.2     3.3    6.24E+01   1.61E-01   6.78E-04   1.00E-07   8.85E-09   3.27E-09
   3.3     3.4    6.24E+01   1.61E-01   6.78E-04   1.00E-07   8.85E-09   3.27E-09
   3.4     3.5    6.24E+01   1.61E-01   6.78E-04   1.00E-07   8.85E-09   3.27E-09
   3.5     3.6    6.24E+01   1.61E-01   6.78E-04   1.00E-07   8.85E-09   3.27E-09
   3.6     3.7    6.24E+01   1.61E-01   6.78E-04   1.00E-07   8.85E-09   3.27E-09
   3.7     3.8    6.24E+01   1.61E-01   6.78E-04   1.00E-07   8.85E-09   3.27E-09
   3.8     3.9    6.24E+01   1.61E-01   6.78E-04   1.00E-07   8.85E-09   3.27E-09
   3.9     4.0    6.24E+01   1.61E-01   6.78E-04   1.00E-07   8.85E-09   3.27E-09
   4.0     4.1    1.31E+02   2.78E-01   1.11E-03   3.40E-07   3.24E-08   1.13E-08
   4.1     4.2    1.31E+02   2.78E-01   1.11E-03   3.40E-07   3.24E-08   1.13E-08
   4.2     4.3    1.31E+02   2.78E-01   1.11E-03   3.40E-07   3.24E-08   1.13E-08
   4.3     4.4    1.31E+02   2.78E-01   1.11E-03   3.40E-07   3.24E-08   1.13E-08
   4.4     4.5    1.31E+02   2.78E-01   1.11E-03   3.40E-07   3.24E-08   1.13E-08
   4.5     4.6    1.31E+02   2.78E-01   1.11E-03   3.40E-07   3.24E-08   1.13E-08
   4.6     4.7    1.31E+02   2.78E-01   1.11E-03   3.40E-07   3.24E-08   1.13E-08
   4.7     4.8    1.31E+02   2.78E-01   1.11E-03   3.40E-07   3.24E-08   1.13E-08
   4.8     4.9    1.31E+02   2.78E-01   1.11E-03   3.40E-07   3.24E-08   1.13E-08
   4.9     5.0    1.31E+02   2.78E-01   1.11E-03   3.40E-07   3.24E-08   1.13E-08
   5.0     5.1    1.31E+02   2.78E-01   1.11E-03   3.40E-07   3.24E-08   1.13E-08
   5.1     5.2    1.31E+02   2.78E-01   1.11E-03   3.40E-07   3.24E-08   1.13E-08
   5.2     5.3    1.31E+02   2.78E-01   1.11E-03   3.40E-07   3.24E-08   1.13E-08
   5.3     5.4    1.31E+02   2.78E-01   1.11E-03   3.40E-07   3.24E-08   1.13E-08
   5.4     5.5    1.31E+02   2.78E-01   1.11E-03   3.40E-07   3.24E-08   1.13E-08
   5.5     5.6    1.31E+02   2.78E-01   1.11E-03   3.40E-07   3.24E-08   1.13E-08
   5.6     5.7    1.31E+02   2.78E-01   1.11E-03   3.40E-07   3.24E-08   1.13E-08
   5.7     5.8    1.31E+02   2.78E-01   1.11E-03   3.40E-07   3.24E-08   1.13E-08
   5.8     5.9    1.31E+02   2.78E-01   1.11E-03   3.40E-07   3.24E-08   1.13E-08
   5.9     6.0    1.31E+02   2.78E-01   1.11E-03   3.40E-07   3.24E-08   1.13E-08
   6.0     6.1    2.06E+02   6.48E-01   3.21E-03   4.83E-07   5.19E-08   2.64E-08
   6.1     6.2    2.06E+02   6.48E-01   3.21E-03   4.83E-07   5.19E-08   2.64E-08
   6.2     6.3    2.06E+02   6.48E-01   3.21E-03   4.83E-07   5.19E-08   2.64E-08
   6.3     6.4    2.06E+02   6.48E-01   3.21E-03   4.83E-07   5.19E-08   2.64E-08
   6.4     6.5    2.06E+02   6.48E-01   3.21E-03   4.83E-07   5.19E-08   2.64E-08
   6.5     6.6    2.06E+02   6.48E-01   3.21E-03   4.83E-07   5.19E-08   2.64E-08
   6.6     6.7    2.06E+02   6.48E-01   3.21E-03   4.83E-07   5.19E-08   2.64E-08
   6.7     6.8    2.06E+02   6.48E-01   3.21E-03   4.83E-07   5.19E-08   2.64E-08
   6.8     6.9    2.06E+02   6.48E-01   3.21E-03   4.83E-07   5.19E-08   2.64E-08
   6.9     7.0    2.06E+02   6.48E-01   3.21E-03   4.83E-07   5.19E-08   2.64E-08
   7.0     7.1    2.06E+02   6.48E-01   3.21E-03   4.83E-07   5.19E-08   2.64E-08
   7.1     7.2    2.06E+02   6.48E-01   3.21E-03   4.83E-07   5.19E-08   2.64E-08
   7.2     7.3    2.06E+02   6.48E-01   3.21E-03   4.83E-07   5.19E-08   2.64E-08
   7.3     7.4    2.06E+02   6.48E-01   3.21E-03   4.83E-07   5.19E-08   2.64E-08
   7.4     7.5    2.06E+02   6.48E-01   3.21E-03   4.83E-07   5.19E-08   2.64E-08
   7.5     7.6    2.06E+02   6.48E-01   3.21E-03   4.83E-07   5.19E-08   2.64E-08
   7.6     7.7    2.06E+02   6.48E-01   3.21E-03   4.83E-07   5.19E-08   2.64E-08
   7.7     7.8    2.06E+02   6.48E-01   3.21E-03   4.83E-07   5.19E-08   2.64E-08
   7.8     7.9    2.06E+02   6.48E-01   3.21E-03   4.83E-07   5.19E-08   2.64E-08
   7.9     8.0    2.06E+02   6.48E-01   3.21E-03   4.83E-07   5.19E-08   2.64E-08
   8.0     8.1    2.03E+02   4.98E-01   2.26E-03   4.70E-07   4.60E-08   2.10E-08
   8.1     8.2    2.03E+02   4.98E-01   2.26E-03   4.70E-07   4.60E-08   2.10E-08
   8.2     8.3    2.03E+02   4.98E-01   2.26E-03   4.70E-07   4.60E-08   2.10E-08
   8.3     8.4    2.03E+02   4.98E-01   2.26E-03   4.70E-07   4.60E-08   2.10E-08
   8.4     8.5    2.03E+02   4.98E-01   2.26E-03   4.70E-07   4.60E-08   2.10E-08
   8.5     8.6    2.03E+02   4.98E-01   2.26E-03   4.70E-07   4.60E-08   2.10E-08
   8.6     8.7    2.03E+02   4.98E-01   2.26E-03   4.70E-07   4.60E-08   2.10E-08
   8.7     8.8    2.03E+02   4.98E-01   2.26E-03   4.70E-07   4.60E-08   2.10E-08
   8.8     8.9    2.03E+02   4.98E-01   2.26E-03   4.70E-07   4.60E-08   2.10E-08
   8.9     9.0    2.03E+02   4.98E-01   2.26E-03   4.70E-07   4.60E-08   2.10E-08
   9.0     9.1    2.03E+02   4.98E-01   2.26E-03   4.70E-07   4.60E-08   2.10E-08
   9.1     9.2    2.03E+02   4.98E-01   2.26E-03   4.70E-07   4.60E-08   2.10E-08
   9.2     9.3    2.03E+02   4.98E-01   2.26E-03   4.70E-07   4.60E-08   2.10E-08
   9.3     9.4    2.03E+02   4.98E-01   2.26E-03   4.70E-07   4.60E-08   2.10E-08
   9.4     9.5    2.03E+02   4.98E-01   2.26E-03   4.70E-07   4.60E-08   2.10E-08
   9.5     9.6    2.03E+02   4.98E-01   2.26E-03   4.70E-07   4.60E-08   2.10E-08
   9.6     9.7    2.03E+02   4.98E-01   2.26E-03   4.70E-07   4.60E-08   2.10E-08
   9.7     9.8    2.03E+02   4.98E-01   2.26E-03   4.70E-07   4.60E-08   2.10E-08
   9.8     9.9    2.03E+02   4.98E-01   2.26E-03   4.70E-07   4.60E-08   2.10E-08
   9.9    10.0    2.03E+02   4.98E-01   2.26E-03   4.70E-07   4.60E-08   2.10E-08
  10.0    10.1    2.60E+02   5.59E-01   2.24E-03   4.55E-07   5.90E-08   2.60E-08
  10.1    10.2    2.60E+02   5.59E-01   2.24E-03   4.55E-07   5.90E-08   2.60E-08
  10.2    10.3    2.60E+02   5.59E-01   2.24E-03   4.55E-07   5.90E-08   2.60E-08
  10.3    10.4    2.60E+02   5.59E-01   2.24E-03   4.55E-07   5.90E-08   2.60E-08
  10.4    10.5    2.60E+02   5.59E-01   2.24E-03   4.55E-07   5.90E-08   2.60E-08
  10.5    10.6    2.60E+02   5.59E-01   2.24E-03   4.55E-07   5.90E-08   2.60E-08
  10.6    10.7    2.60E+02   5.59E-01   2.24E-03   4.55E-07   5.90E-08   2.60E-08
  10.7    10.8    2.60E+02   5.59E-01   2.24E-03   4.55E-07   5.90E-08   2.60E-08
  10.8    10.9    2.60E+02   5.59E-01   2.24E-03   4.55E-07   5.90E-08   2.60E-08
  10.9    11.0    2.60E+02   5.59E-01   2.24E-03   4.55E-07   5.90E-08   2.60E-08
  11.0    11.1    2.60E+02   5.59E-01   2.24E-03   4.55E-07   5.90E-08   2.60E-08
  11.1    11.2    2.60E+02   5.59E-01   2.24E-03   4.55E-07   5.90E-08   2.60E-08
  11.2    11.3    2.60E+02   5.59E-01   2.24E-03   4.55E-07   5.90E-08   2.60E-08
  11.3    11.4    2.60E+02   5.59E-01   2.24E-03   4.55E-07   5.90E-08   2.60E-08
  11.4    11.5    2.60E+02   5.59E-01   2.24E-03   4.55E-07   5.90E-08   2.60E-08
  11.5    11.6    2.60E+02   5.59E-01   2.24E-03   4.55E-07   5.90E-08   2.60E-08
  11.6    11.7    2.60E+02   5.59E-01   2.24E-03   4.55E-07   5.90E-08   2.60E-08
  11.7    11.8    2.60E+02   5.59E-01   2.24E-03   4.55E-07   5.90E-08   2.60E-08
  11.8    11.9    2.60E+02   5.59E-01   2.24E-03   4.55E-07   5.90E-08   2.60E-08
  11.9    12.0    2.60E+02   5.59E-01   2.24E-03   4.55E-07   5.90E-08   2.60E-08
  12.0    12.1    4.85E+02   8.91E-01   3.14E-03   8.47E-07   1.10E-07   4.64E-08
  12.1    12.2    4.85E+02   8.91E-01   3.14E-03   8.47E-07   1.10E-07   4.64E-08
  12.2    12.3    4.85E+02   8.91E-01   3.14E-03   8.47E-07   1.10E-07   4.64E-08
  12.3    12.4    4.85E+02   8.91E-01   3.14E-03   8.47E-07   1.10E-07   4.64E-08
  12.4    12.5    4.85E+02   8.91E-01   3.14E-03   8.47E-07   1.10E-07   4.64E-08
  12.5    12.6    4.85E+02   8.91E-01   3.14E-03   8.47E-07   1.10E-07   4.64E-08
  12.6    12.7    4.85E+02   8.91E-01   3.14E-03   8.47E-07   1.10E-07   4.64E-08
  12.7    12.8    4.85E+02   8.91E-01   3.14E-03   8.47E-07   1.10E-07   4.64E-08
  12.8    12.9    4.85E+02   8.91E-01   3.14E-03   8.47E-07   1.10E-07   4.64E-08
  12.9    13.0    4.85E+02   8.91E-01   3.14E-03   8.47E-07   1.10E-07   4.64E-08
  13.0    13.1    4.85E+02   8.91E-01   3.14E-03   8.47E-07   1.10E-07   4.64E-08
  13.1    13.2    4.85E+02   8.91E-01   3.14E-03   8.47E-07   1.10E-07   4.64E-08
  13.2    13.3    4.85E+02   8.91E-01   3.14E-03   8.47E-07   1.10E-07   4.64E-08
  13.3    13.4    4.85E+02   8.91E-01   3.14E-03   8.47E-07   1.10E-07   4.64E-08
  13.4    13.5    4.85E+02   8.91E-01   3.14E-03   8.47E-07   1.10E-07   4.64E-08
  13.5    13.6    4.85E+02   8.91E-01   3.14E-03   8.47E-07   1.10E-07   4.64E-08
  13.6    13.7    4.85E+02   8.91E-01   3.14E-03   8.47E-07   1.10E-07   4.64E-08
  13.7    13.8    4.85E+02   8.91E-01   3.14E-03   8.47E-07   1.10E-07   4.64E-08
  13.8    13.9    4.85E+02   8.91E-01   3.14E-03   8.47E-07   1.10E-07   4.64E-08
  13.9    14.0    4.85E+02   8.91E-01   3.14E-03   8.47E-07   1.10E-07   4.64E-08
  14.0    14.1    3.35E+02   6.91E-01   2.17E-03   5.75E-07   8.61E-08   4.83E-08
  14.1    14.2    3.35E+02   6.91E-01   2.17E-03   5.75E-07   8.61E-08   4.83E-08
  14.2    14.3    3.35E+02   6.91E-01   2.17E-03   5.75E-07   8.61E-08   4.83E-08
  14.3    14.4    3.35E+02   6.91E-01   2.17E-03   5.75E-07   8.61E-08   4.83E-08
  14.4    14.5    3.35E+02   6.91E-01   2.17E-03   5.75E-07   8.61E-08   4.83E-08
  14.5    14.6    3.35E+02   6.91E-01   2.17E-03   5.75E-07   8.61E-08   4.83E-08
  14.6    14.7    3.35E+02   6.91E-01   2.17E-03   5.75E-07   8.61E-08   4.83E-08
  14.7    14.8    3.35E+02   6.91E-01   2.17E-03   5.75E-07   8.61E-08   4.83E-08
  14.8    14.9    3.35E+02   6.91E-01   2.17E-03   5.75E-07   8.61E-08   4.83E-08
  14.9    15.0    3.35E+02   6.91E-01   2.17E-03   5.75E-07   8.61E-08   4.83E-08
  15.0    15.1    3.35E+02   6.91E-01   2.17E-03   5.75E-07   8.61E-08   4.83E-08
  15.1    15.2    3.35E+02   6.91E-01   2.17E-03   5.75E-07   8.61E-08   4.83E-08
  15.2    15.3    3.35E+02   6.91E-01   2.17E-03   5.75E-07   8.61E-08   4.83E-08
  15.3    15.4    3.35E+02   6.91E-01   2.17E-03   5.75E-07   8.61E-08   4.83E-08
  15.4    15.5    3.35E+02   6.91E-01   2.17E-03   5.75E-07   8.61E-08   4.83E-08
  15.5    15.6    3.35E+02   6.91E-01   2.17E-03   5.75E-07   8.61E-08   4.83E-08
  15.6    15.7    3.35E+02   6.91E-01   2.17E-03   5.75E-07   8.61E-08   4.83E-08
  15.7    15.8    3.35E+02   6.91E-01   2.17E-03   5.75E-07   8.61E-08   4.83E-08
  15.8    15.9    3.35E+02   6.91E-01   2.17E-03   5.75E-07   8.61E-08   4.83E-08
  15.9    16.0    3.35E+02   6.91E-01   2.17E-03   5.75E-07   8.61E-08   4.83E-08
  16.0    16.1    7.58E-01   1.12E-03   1.31E-06   9.56E-10   1.23E-11   6.43E-12
  16.1    16.2    7.58E-01   1.12E-03   1.31E-06   9.56E-10   1.23E-11   6.43E-12
  16.2    16.3    7.58E-01   1.12E-03   1.31E-06   9.56E-10   1.23E-11   6.43E-12
  16.3    16.4    7.58E-01   1.12E-03   1.31E-06   9.56E-10   1.23E-11   6.43E-12
  16.4    16.5    7.58E-01   1.12E-03   1.31E-06   9.56E-10   1.23E-11   6.43E-12
  16.5    16.6    7.58E-01   1.12E-03   1.31E-06   9.56E-10   1.23E-11   6.43E-12
  16.6    16.7    7.58E-01   1.12E-03   1.31E-06   9.56E-10   1.23E-11   6.43E-12
  16.7    16.8    7.58E-01   1.12E-03   1.31E-06   9.56E-10   1.23E-11   6.43E-12
  16.8    16.9    7.58E-01   1.12E-03   1.31E-06   9.56E-10   1.23E-11   6.43E-12
  16.9    17.0    7.58E-01   1.12E-03   1.31E-06   9.56E-10   1.23E-11   6.43E-12
  17.0    17.1    7.58E-01   1.12E-03   1.31E-06   9.56E-10   1.23E-11   6.43E-12
  17.1    17.2    7.58E-01   1.12E-03   1.31E-06   9.56E-10   1.23E-11   6.43E-12
  17.2    17.3    7.58E-01   1.12E-03   1.31E-06   9.56E-10   1.23E-11   6.43E-12
  17.3    17.4    7.58E-01   1.12E-03   1.31E-06   9.56E-10   1.23E-11   6.43E-12
  17.4    17.5    7.58E-01   1.12E-03   1.31E-06   9.56E-10   1.23E-11   6.43E-12
  17.5    17.6    7.58E-01   1.12E-03   1.31E-06   9.56E-10   1.23E-11   6.43E-12
  17.6    17.7    7.58E-01   1.12E-03   1.31E-06   9.56E-10   1.23E-11   6.43E-12
  17.7    17.8    7.58E-01   1.12E-03   1.31E-06   9.56E-10   1.23E-11   6.43E-12
  17.8    17.9    7.58E-01   1.12E-03   1.31E-06   9.56E-10   1.23E-11   6.43E-12
  17.9    18.0    7.58E-01   1.12E-03   1.31E-06   9.56E-10   1.23E-11   6.43E-12
  18.0    18.1    1.00E-99   1.00E-99   1.00E-99   1.00E-99   1.00E-99   1.00E-99
  18.1    18.2    1.00E-99   1.00E-99   1.00E-99   1.00E-99   1.00E-99   1.00E-99
  18.2    18.3    1.00E-99   1.00E-99   1.00E-99   1.00E-99   1.00E-99   1.00E-99
  18.3    18.4    1.00E-99   1.00E-99   1.00E-99   1.00E-99   1.00E-99   1.00E-99
  18.4    18.5    1.00E-99   1.00E-99   1.00E-99   1.00E-99   1.00E-99   1.00E-99
  18.5    18.6    1.00E-99   1.00E-99   1.00E-99   1.00E-99   1.00E-99   1.00E-99
  18.6    18.7    1.00E-99   1.00E-99   1.00E-99   1.00E-99   1.00E-99   1.00E-99
  18.7    18.8    1.00E-99   1.00E-99   1.00E-99   1.00E-99   1.00E-99   1.00E-99
  18.8    18.9    1.00E-99   1.00E-99   1.00E-99   1.00E-99   1.00E-99   1.00E-99
  18.9    19.0    1.00E-99   1.00E-99   1.00E-99   1.00E-99   1.00E-99   1.00E-99
  19.0    19.1    1.00E-99   1.00E-99   1.00E-99   1.00E-99   1.00E-99   1.00E-99
  19.1    19.2    1.00E-99   1.00E-99   1.00E-99   1.00E-99   1.00E-99   1.00E-99
  19.2    19.3    1.00E-99   1.00E-99   1.00E-99   1.00E-99   1.00E-99   1.00E-99
  19.3    19.4    1.00E-99   1.00E-99   1.00E-99   1.00E-99   1.00E-99   1.00E-99
  19.4    19.5    1.00E-99   1.00E-99   1.00E-99   1.00E-99   1.00E-99   1.00E-99
  19.5    19.6    1.00E-99   1.00E-99   1.00E-99   1.00E-99   1.00E-99   1.00E-99
  19.6    19.7    1.00E-99   1.00E-99   1.00E-99   1.00E-99   1.00E-99   1.00E-99
  19.7    19.8    1.00E-99   1.00E-99   1.00E-99   1.00E-99   1.00E-99   1.00E-99
  19.8    19.9    1.00E-99   1.00E-99   1.00E-99   1.00E-99   1.00E-99   1.00E-99
  19.9    20.0    1.00E-99   1.00E-99   1.00E-99   1.00E-99   1.00E-99   1.00E-99
  20.0    20.1    1.00E-99   1.00E-99   1.00E-99   1.00E-99   1.00E-99   1.00E-99
  20.1    20.2    1.00E-99   1.00E-99   1.00E-99   1.00E-99   1.00E-99   1.00E-99
  20.2    20.3    1.00E-99   1.00E-99   1.00E-99   1.00E-99   1.00E-99   1.00E-99
  20.3    20.4    1.00E-99   1.00E-99   1.00E-99   1.00E-99   1.00E-99   1.00E-99
  20.4    20.5    1.00E-99   1.00E-99   1.00E-99   1.00E-99   1.00E-99   1.00E-99
  20.5    20.6    1.00E-99   1.00E-99   1.00E-99   1.00E-99   1.00E-99   1.00E-99
  20.6    20.7    1.00E-99   1.00E-99   1.00E-99   1.00E-99   1.00E-99   1.00E-99
  20.7    20.8    1.00E-99   1.00E-99   1.00E-99   1.00E-99   1.00E-99   1.00E-99
  20.8    20.9    1.00E-99   1.00E-99   1.00E-99   1.00E-99   1.00E-99   1.00E-99
  20.9    21.0    1.00E-99   1.00E-99   1.00E-99   1.00E-99   1.00E-99   1.00E-99
  21.0    21.1    1.00E-99   1.00E-99   1.00E-99   1.00E-99   1.00E-99   1.00E-99
  21.1    21.2    1.00E-99   1.00E-99   1.00E-99   1.00E-99   1.00E-99   1.00E-99
  21.2    21.3    1.00E-99   1.00E-99   1.00E-99   1.00E-99   1.00E-99   1.00E-99
  21.3    21.4    1.00E-99   1.00E-99   1.00E-99   1.00E-99   1.00E-99   1.00E-99
  21.4    21.5    1.00E-99   1.00E-99   1.00E-99   1.00E-99   1.00E-99   1.00E-99
  21.5    21.6    1.00E-99   1.00E-99   1.00E-99   1.00E-99   1.00E-99   1.00E-99
  21.6    21.7    1.00E-99   1.00E-99   1.00E-99   1.00E-99   1.00E-99   1.00E-99
  21.7    21.8    1.00E-99   1.00E-99   1.00E-99   1.00E-99   1.00E-99   1.00E-99
  21.8    21.9    1.00E-99   1.00E-99   1.00E-99   1.00E-99   1.00E-99   1.00E-99
  21.9    22.0    1.00E-99   1.00E-99   1.00E-99   1.00E-99   1.00E-99   1.00E-99
  22.0    22.1    1.00E-99   1.00E-99   1.00E-99   1.00E-99   1.00E-99   1.00E-99
  22.1    22.2    1.00E-99   1.00E-99   1.00E-99   1.00E-99   1.00E-99   1.00E-99
  22.2    22.3    1.00E-99   1.00E-99   1.00E-99   1.00E-99   1.00E-99   1.00E-99
  22.3    22.4    1.00E-99   1.00E-99   1.00E-99   1.00E-99   1.00E-99   1.00E-99
  22.4    22.5    1.00E-99   1.00E-99   1.00E-99   1.00E-99   1.00E-99   1.00E-99
  22.5    22.6    1.00E-99   1.00E-99   1.00E-99   1.00E-99   1.00E-99   1.00E-99
  22.6    22.7    1.00E-99   1.00E-99   1.00E-99   1.00E-99   1.00E-99   1.00E-99
  22.7    22.8    1.00E-99   1.00E-99   1.00E-99   1.00E-99   1.00E-99   1.00E-99
  22.8    22.9    1.00E-99   1.00E-99   1.00E-99   1.00E-99   1.00E-99   1.00E-99
  22.9    23.0    1.00E-99   1.00E-99   1.00E-99   1.00E-99   1.00E-99   1.00E-99
