 ORDEM 3.2.0 -  ORDEM Spacecraft Mode
 Debris Flux (#/m^2/yr/kps)
  Year: 2028  Perigee Altitude =    328.132  Apogee Altitude =   331.665  inc =   51.63
 *
 *
 *
 *
 *
 *
 *
 Vel 1   Vel 2    >10um      >100um     >1mm       >1cm       >10cm      >1m
 ------  ------   --------   --------   --------   --------   --------   --------  
   Min.:          2.93E-06   1.32E-11   1.32E-11   8.44E-10   1.84E-11   9.87E-12
   Max.:          3.49E+02   4.01E-01   2.40E-03   1.93E-07   2.24E-08   1.19E-08
 ------  ------   --------   --------   --------   --------   --------   --------  
   0.0     0.1    1.31E+01   4.96E-02   5.01E-04   1.26E-08   1.99E-09   1.26E-09
   0.1     0.2    1.31E+01   4.96E-02   5.01E-04   1.26E-08   1.99E-09   1.26E-09
   0.2     0.3    1.31E+01   4.96E-02   5.01E-04   1.26E-08   1.99E-09   1.26E-09
   0.3     0.4    1.31E+01   4.96E-02   5.01E-04   1.26E-08   1.99E-09   1.26E-09
   0.4     0.5    1.31E+01   4.96E-02   5.01E-04   1.26E-08   1.99E-09   1.26E-09
   0.5     0.6    1.31E+01   4.96E-02   5.01E-04   1.26E-08   1.99E-09   1.26E-09
   0.6     0.7    1.31E+01   4.96E-02   5.01E-04   1.26E-08   1.99E-09   1.26E-09
   0.7     0.8    1.31E+01   4.96E-02   5.01E-04   1.26E-08   1.99E-09   1.26E-09
   0.8     0.9    1.31E+01   4.96E-02   5.01E-04   1.26E-08   1.99E-09   1.26E-09
   0.9     1.0    1.31E+01   4.96E-02   5.01E-04   1.26E-08   1.99E-09   1.26E-09
   1.0     1.1    1.31E+01   4.96E-02   5.01E-04   1.26E-08   1.99E-09   1.26E-09
   1.1     1.2    1.31E+01   4.96E-02   5.01E-04   1.26E-08   1.99E-09   1.26E-09
   1.2     1.3    1.31E+01   4.96E-02   5.01E-04   1.26E-08   1.99E-09   1.26E-09
   1.3     1.4    1.31E+01   4.96E-02   5.01E-04   1.26E-08   1.99E-09   1.26E-09
   1.4     1.5    1.31E+01   4.96E-02   5.01E-04   1.26E-08   1.99E-09   1.26E-09
   1.5     1.6    1.31E+01   4.96E-02   5.01E-04   1.26E-08   1.99E-09   1.26E-09
   1.6     1.7    1.31E+01   4.96E-02   5.01E-04   1.26E-08   1.99E-09   1.26E-09
   1.7     1.8    1.31E+01   4.96E-02   5.01E-04   1.26E-08   1.99E-09   1.26E-09
   1.8     1.9    1.31E+01   4.96E-02   5.01E-04   1.26E-08   1.99E-09   1.26E-09
   1.9     2.0    1.31E+01   4.96E-02   5.01E-04   1.26E-08   1.99E-09   1.26E-09
   2.0     2.1    4.55E+01   9.38E-02   5.93E-04   4.10E-08   4.72E-09   2.31E-09
   2.1     2.2    4.55E+01   9.38E-02   5.93E-04   4.10E-08   4.72E-09   2.31E-09
   2.2     2.3    4.55E+01   9.38E-02   5.93E-04   4.10E-08   4.72E-09   2.31E-09
   2.3     2.4    4.55E+01   9.38E-02   5.93E-04   4.10E-08   4.72E-09   2.31E-09
   2.4     2.5    4.55E+01   9.38E-02   5.93E-04   4.10E-08   4.72E-09   2.31E-09
   2.5     2.6    4.55E+01   9.38E-02   5.93E-04   4.10E-08   4.72E-09   2.31E-09
   2.6     2.7    4.55E+01   9.38E-02   5.93E-04   4.10E-08   4.72E-09   2.31E-09
   2.7     2.8    4.55E+01   9.38E-02   5.93E-04   4.10E-08   4.72E-09   2.31E-09
   2.8     2.9    4.55E+01   9.38E-02   5.93E-04   4.10E-08   4.72E-09   2.31E-09
   2.9     3.0    4.55E+01   9.38E-02   5.93E-04   4.10E-08   4.72E-09   2.31E-09
   3.0     3.1    4.55E+01   9.38E-02   5.93E-04   4.10E-08   4.72E-09   2.31E-09
   3.1     3.2    4.55E+01   9.38E-02   5.93E-04   4.10E-08   4.72E-09   2.31E-09
   3.2     3.3    4.55E+01   9.38E-02   5.93E-04   4.10E-08   4.72E-09   2.31E-09
   3.3     3.4    4.55E+01   9.38E-02   5.93E-04   4.10E-08   4.72E-09   2.31E-09
   3.4     3.5    4.55E+01   9.38E-02   5.93E-04   4.10E-08   4.72E-09   2.31E-09
   3.5     3.6    4.55E+01   9.38E-02   5.93E-04   4.10E-08   4.72E-09   2.31E-09
   3.6     3.7    4.55E+01   9.38E-02   5.93E-04   4.10E-08   4.72E-09   2.31E-09
   3.7     3.8    4.55E+01   9.38E-02   5.93E-04   4.10E-08   4.72E-09   2.31E-09
   3.8     3.9    4.55E+01   9.38E-02   5.93E-04   4.10E-08   4.72E-09   2.31E-09
   3.9     4.0    4.55E+01   9.38E-02   5.93E-04   4.10E-08   4.72E-09   2.31E-09
   4.0     4.1    9.25E+01   1.27E-01   7.22E-04   1.05E-07   7.74E-09   3.77E-09
   4.1     4.2    9.25E+01   1.27E-01   7.22E-04   1.05E-07   7.74E-09   3.77E-09
   4.2     4.3    9.25E+01   1.27E-01   7.22E-04   1.05E-07   7.74E-09   3.77E-09
   4.3     4.4    9.25E+01   1.27E-01   7.22E-04   1.05E-07   7.74E-09   3.77E-09
   4.4     4.5    9.25E+01   1.27E-01   7.22E-04   1.05E-07   7.74E-09   3.77E-09
   4.5     4.6    9.25E+01   1.27E-01   7.22E-04   1.05E-07   7.74E-09   3.77E-09
   4.6     4.7    9.25E+01   1.27E-01   7.22E-04   1.05E-07   7.74E-09   3.77E-09
   4.7     4.8    9.25E+01   1.27E-01   7.22E-04   1.05E-07   7.74E-09   3.77E-09
   4.8     4.9    9.25E+01   1.27E-01   7.22E-04   1.05E-07   7.74E-09   3.77E-09
   4.9     5.0    9.25E+01   1.27E-01   7.22E-04   1.05E-07   7.74E-09   3.77E-09
   5.0     5.1    9.25E+01   1.27E-01   7.22E-04   1.05E-07   7.74E-09   3.77E-09
   5.1     5.2    9.25E+01   1.27E-01   7.22E-04   1.05E-07   7.74E-09   3.77E-09
   5.2     5.3    9.25E+01   1.27E-01   7.22E-04   1.05E-07   7.74E-09   3.77E-09
   5.3     5.4    9.25E+01   1.27E-01   7.22E-04   1.05E-07   7.74E-09   3.77E-09
   5.4     5.5    9.25E+01   1.27E-01   7.22E-04   1.05E-07   7.74E-09   3.77E-09
   5.5     5.6    9.25E+01   1.27E-01   7.22E-04   1.05E-07   7.74E-09   3.77E-09
   5.6     5.7    9.25E+01   1.27E-01   7.22E-04   1.05E-07   7.74E-09   3.77E-09
   5.7     5.8    9.25E+01   1.27E-01   7.22E-04   1.05E-07   7.74E-09   3.77E-09
   5.8     5.9    9.25E+01   1.27E-01   7.22E-04   1.05E-07   7.74E-09   3.77E-09
   5.9     6.0    9.25E+01   1.27E-01   7.22E-04   1.05E-07   7.74E-09   3.77E-09
   6.0     6.1    1.58E+02   3.59E-01   2.40E-03   1.90E-07   1.52E-08   9.24E-09
   6.1     6.2    1.58E+02   3.59E-01   2.40E-03   1.90E-07   1.52E-08   9.24E-09
   6.2     6.3    1.58E+02   3.59E-01   2.40E-03   1.90E-07   1.52E-08   9.24E-09
   6.3     6.4    1.58E+02   3.59E-01   2.40E-03   1.90E-07   1.52E-08   9.24E-09
   6.4     6.5    1.58E+02   3.59E-01   2.40E-03   1.90E-07   1.52E-08   9.24E-09
   6.5     6.6    1.58E+02   3.59E-01   2.40E-03   1.90E-07   1.52E-08   9.24E-09
   6.6     6.7    1.58E+02   3.59E-01   2.40E-03   1.90E-07   1.52E-08   9.24E-09
   6.7     6.8    1.58E+02   3.59E-01   2.40E-03   1.90E-07   1.52E-08   9.24E-09
   6.8     6.9    1.58E+02   3.59E-01   2.40E-03   1.90E-07   1.52E-08   9.24E-09
   6.9     7.0    1.58E+02   3.59E-01   2.40E-03   1.90E-07   1.52E-08   9.24E-09
   7.0     7.1    1.58E+02   3.59E-01   2.40E-03   1.90E-07   1.52E-08   9.24E-09
   7.1     7.2    1.58E+02   3.59E-01   2.40E-03   1.90E-07   1.52E-08   9.24E-09
   7.2     7.3    1.58E+02   3.59E-01   2.40E-03   1.90E-07   1.52E-08   9.24E-09
   7.3     7.4    1.58E+02   3.59E-01   2.40E-03   1.90E-07   1.52E-08   9.24E-09
   7.4     7.5    1.58E+02   3.59E-01   2.40E-03   1.90E-07   1.52E-08   9.24E-09
   7.5     7.6    1.58E+02   3.59E-01   2.40E-03   1.90E-07   1.52E-08   9.24E-09
   7.6     7.7    1.58E+02   3.59E-01   2.40E-03   1.90E-07   1.52E-08   9.24E-09
   7.7     7.8    1.58E+02   3.59E-01   2.40E-03   1.90E-07   1.52E-08   9.24E-09
   7.8     7.9    1.58E+02   3.59E-01   2.40E-03   1.90E-07   1.52E-08   9.24E-09
   7.9     8.0    1.58E+02   3.59E-01   2.40E-03   1.90E-07   1.52E-08   9.24E-09
   8.0     8.1    1.52E+02   2.65E-01   1.45E-03   1.93E-07   1.46E-08   8.40E-09
   8.1     8.2    1.52E+02   2.65E-01   1.45E-03   1.93E-07   1.46E-08   8.40E-09
   8.2     8.3    1.52E+02   2.65E-01   1.45E-03   1.93E-07   1.46E-08   8.40E-09
   8.3     8.4    1.52E+02   2.65E-01   1.45E-03   1.93E-07   1.46E-08   8.40E-09
   8.4     8.5    1.52E+02   2.65E-01   1.45E-03   1.93E-07   1.46E-08   8.40E-09
   8.5     8.6    1.52E+02   2.65E-01   1.45E-03   1.93E-07   1.46E-08   8.40E-09
   8.6     8.7    1.52E+02   2.65E-01   1.45E-03   1.93E-07   1.46E-08   8.40E-09
   8.7     8.8    1.52E+02   2.65E-01   1.45E-03   1.93E-07   1.46E-08   8.40E-09
   8.8     8.9    1.52E+02   2.65E-01   1.45E-03   1.93E-07   1.46E-08   8.40E-09
   8.9     9.0    1.52E+02   2.65E-01   1.45E-03   1.93E-07   1.46E-08   8.40E-09
   9.0     9.1    1.52E+02   2.65E-01   1.45E-03   1.93E-07   1.46E-08   8.40E-09
   9.1     9.2    1.52E+02   2.65E-01   1.45E-03   1.93E-07   1.46E-08   8.40E-09
   9.2     9.3    1.52E+02   2.65E-01   1.45E-03   1.93E-07   1.46E-08   8.40E-09
   9.3     9.4    1.52E+02   2.65E-01   1.45E-03   1.93E-07   1.46E-08   8.40E-09
   9.4     9.5    1.52E+02   2.65E-01   1.45E-03   1.93E-07   1.46E-08   8.40E-09
   9.5     9.6    1.52E+02   2.65E-01   1.45E-03   1.93E-07   1.46E-08   8.40E-09
   9.6     9.7    1.52E+02   2.65E-01   1.45E-03   1.93E-07   1.46E-08   8.40E-09
   9.7     9.8    1.52E+02   2.65E-01   1.45E-03   1.93E-07   1.46E-08   8.40E-09
   9.8     9.9    1.52E+02   2.65E-01   1.45E-03   1.93E-07   1.46E-08   8.40E-09
   9.9    10.0    1.52E+02   2.65E-01   1.45E-03   1.93E-07   1.46E-08   8.40E-09
  10.0    10.1    1.92E+02   2.74E-01   1.40E-03   1.45E-07   1.67E-08   9.06E-09
  10.1    10.2    1.92E+02   2.74E-01   1.40E-03   1.45E-07   1.67E-08   9.06E-09
  10.2    10.3    1.92E+02   2.74E-01   1.40E-03   1.45E-07   1.67E-08   9.06E-09
  10.3    10.4    1.92E+02   2.74E-01   1.40E-03   1.45E-07   1.67E-08   9.06E-09
  10.4    10.5    1.92E+02   2.74E-01   1.40E-03   1.45E-07   1.67E-08   9.06E-09
  10.5    10.6    1.92E+02   2.74E-01   1.40E-03   1.45E-07   1.67E-08   9.06E-09
  10.6    10.7    1.92E+02   2.74E-01   1.40E-03   1.45E-07   1.67E-08   9.06E-09
  10.7    10.8    1.92E+02   2.74E-01   1.40E-03   1.45E-07   1.67E-08   9.06E-09
  10.8    10.9    1.92E+02   2.74E-01   1.40E-03   1.45E-07   1.67E-08   9.06E-09
  10.9    11.0    1.92E+02   2.74E-01   1.40E-03   1.45E-07   1.67E-08   9.06E-09
  11.0    11.1    1.92E+02   2.74E-01   1.40E-03   1.45E-07   1.67E-08   9.06E-09
  11.1    11.2    1.92E+02   2.74E-01   1.40E-03   1.45E-07   1.67E-08   9.06E-09
  11.2    11.3    1.92E+02   2.74E-01   1.40E-03   1.45E-07   1.67E-08   9.06E-09
  11.3    11.4    1.92E+02   2.74E-01   1.40E-03   1.45E-07   1.67E-08   9.06E-09
  11.4    11.5    1.92E+02   2.74E-01   1.40E-03   1.45E-07   1.67E-08   9.06E-09
  11.5    11.6    1.92E+02   2.74E-01   1.40E-03   1.45E-07   1.67E-08   9.06E-09
  11.6    11.7    1.92E+02   2.74E-01   1.40E-03   1.45E-07   1.67E-08   9.06E-09
  11.7    11.8    1.92E+02   2.74E-01   1.40E-03   1.45E-07   1.67E-08   9.06E-09
  11.8    11.9    1.92E+02   2.74E-01   1.40E-03   1.45E-07   1.67E-08   9.06E-09
  11.9    12.0    1.92E+02   2.74E-01   1.40E-03   1.45E-07   1.67E-08   9.06E-09
  12.0    12.1    3.49E+02   4.01E-01   1.47E-03   1.77E-07   2.24E-08   1.06E-08
  12.1    12.2    3.49E+02   4.01E-01   1.47E-03   1.77E-07   2.24E-08   1.06E-08
  12.2    12.3    3.49E+02   4.01E-01   1.47E-03   1.77E-07   2.24E-08   1.06E-08
  12.3    12.4    3.49E+02   4.01E-01   1.47E-03   1.77E-07   2.24E-08   1.06E-08
  12.4    12.5    3.49E+02   4.01E-01   1.47E-03   1.77E-07   2.24E-08   1.06E-08
  12.5    12.6    3.49E+02   4.01E-01   1.47E-03   1.77E-07   2.24E-08   1.06E-08
  12.6    12.7    3.49E+02   4.01E-01   1.47E-03   1.77E-07   2.24E-08   1.06E-08
  12.7    12.8    3.49E+02   4.01E-01   1.47E-03   1.77E-07   2.24E-08   1.06E-08
  12.8    12.9    3.49E+02   4.01E-01   1.47E-03   1.77E-07   2.24E-08   1.06E-08
  12.9    13.0    3.49E+02   4.01E-01   1.47E-03   1.77E-07   2.24E-08   1.06E-08
  13.0    13.1    3.49E+02   4.01E-01   1.47E-03   1.77E-07   2.24E-08   1.06E-08
  13.1    13.2    3.49E+02   4.01E-01   1.47E-03   1.77E-07   2.24E-08   1.06E-08
  13.2    13.3    3.49E+02   4.01E-01   1.47E-03   1.77E-07   2.24E-08   1.06E-08
  13.3    13.4    3.49E+02   4.01E-01   1.47E-03   1.77E-07   2.24E-08   1.06E-08
  13.4    13.5    3.49E+02   4.01E-01   1.47E-03   1.77E-07   2.24E-08   1.06E-08
  13.5    13.6    3.49E+02   4.01E-01   1.47E-03   1.77E-07   2.24E-08   1.06E-08
  13.6    13.7    3.49E+02   4.01E-01   1.47E-03   1.77E-07   2.24E-08   1.06E-08
  13.7    13.8    3.49E+02   4.01E-01   1.47E-03   1.77E-07   2.24E-08   1.06E-08
  13.8    13.9    3.49E+02   4.01E-01   1.47E-03   1.77E-07   2.24E-08   1.06E-08
  13.9    14.0    3.49E+02   4.01E-01   1.47E-03   1.77E-07   2.24E-08   1.06E-08
  14.0    14.1    2.84E+02   3.15E-01   3.74E-04   1.52E-07   1.92E-08   1.19E-08
  14.1    14.2    2.84E+02   3.15E-01   3.74E-04   1.52E-07   1.92E-08   1.19E-08
  14.2    14.3    2.84E+02   3.15E-01   3.74E-04   1.52E-07   1.92E-08   1.19E-08
  14.3    14.4    2.84E+02   3.15E-01   3.74E-04   1.52E-07   1.92E-08   1.19E-08
  14.4    14.5    2.84E+02   3.15E-01   3.74E-04   1.52E-07   1.92E-08   1.19E-08
  14.5    14.6    2.84E+02   3.15E-01   3.74E-04   1.52E-07   1.92E-08   1.19E-08
  14.6    14.7    2.84E+02   3.15E-01   3.74E-04   1.52E-07   1.92E-08   1.19E-08
  14.7    14.8    2.84E+02   3.15E-01   3.74E-04   1.52E-07   1.92E-08   1.19E-08
  14.8    14.9    2.84E+02   3.15E-01   3.74E-04   1.52E-07   1.92E-08   1.19E-08
  14.9    15.0    2.84E+02   3.15E-01   3.74E-04   1.52E-07   1.92E-08   1.19E-08
  15.0    15.1    2.84E+02   3.15E-01   3.74E-04   1.52E-07   1.92E-08   1.19E-08
  15.1    15.2    2.84E+02   3.15E-01   3.74E-04   1.52E-07   1.92E-08   1.19E-08
  15.2    15.3    2.84E+02   3.15E-01   3.74E-04   1.52E-07   1.92E-08   1.19E-08
  15.3    15.4    2.84E+02   3.15E-01   3.74E-04   1.52E-07   1.92E-08   1.19E-08
  15.4    15.5    2.84E+02   3.15E-01   3.74E-04   1.52E-07   1.92E-08   1.19E-08
  15.5    15.6    2.84E+02   3.15E-01   3.74E-04   1.52E-07   1.92E-08   1.19E-08
  15.6    15.7    2.84E+02   3.15E-01   3.74E-04   1.52E-07   1.92E-08   1.19E-08
  15.7    15.8    2.84E+02   3.15E-01   3.74E-04   1.52E-07   1.92E-08   1.19E-08
  15.8    15.9    2.84E+02   3.15E-01   3.74E-04   1.52E-07   1.92E-08   1.19E-08
  15.9    16.0    2.84E+02   3.15E-01   3.74E-04   1.52E-07   1.92E-08   1.19E-08
  16.0    16.1    7.31E-01   9.79E-04   1.60E-06   8.44E-10   1.84E-11   9.87E-12
  16.1    16.2    7.31E-01   9.79E-04   1.60E-06   8.44E-10   1.84E-11   9.87E-12
  16.2    16.3    7.31E-01   9.79E-04   1.60E-06   8.44E-10   1.84E-11   9.87E-12
  16.3    16.4    7.31E-01   9.79E-04   1.60E-06   8.44E-10   1.84E-11   9.87E-12
  16.4    16.5    7.31E-01   9.79E-04   1.60E-06   8.44E-10   1.84E-11   9.87E-12
  16.5    16.6    7.31E-01   9.79E-04   1.60E-06   8.44E-10   1.84E-11   9.87E-12
  16.6    16.7    7.31E-01   9.79E-04   1.60E-06   8.44E-10   1.84E-11   9.87E-12
  16.7    16.8    7.31E-01   9.79E-04   1.60E-06   8.44E-10   1.84E-11   9.87E-12
  16.8    16.9    7.31E-01   9.79E-04   1.60E-06   8.44E-10   1.84E-11   9.87E-12
  16.9    17.0    7.31E-01   9.79E-04   1.60E-06   8.44E-10   1.84E-11   9.87E-12
  17.0    17.1    7.31E-01   9.79E-04   1.60E-06   8.44E-10   1.84E-11   9.87E-12
  17.1    17.2    7.31E-01   9.79E-04   1.60E-06   8.44E-10   1.84E-11   9.87E-12
  17.2    17.3    7.31E-01   9.79E-04   1.60E-06   8.44E-10   1.84E-11   9.87E-12
  17.3    17.4    7.31E-01   9.79E-04   1.60E-06   8.44E-10   1.84E-11   9.87E-12
  17.4    17.5    7.31E-01   9.79E-04   1.60E-06   8.44E-10   1.84E-11   9.87E-12
  17.5    17.6    7.31E-01   9.79E-04   1.60E-06   8.44E-10   1.84E-11   9.87E-12
  17.6    17.7    7.31E-01   9.79E-04   1.60E-06   8.44E-10   1.84E-11   9.87E-12
  17.7    17.8    7.31E-01   9.79E-04   1.60E-06   8.44E-10   1.84E-11   9.87E-12
  17.8    17.9    7.31E-01   9.79E-04   1.60E-06   8.44E-10   1.84E-11   9.87E-12
  17.9    18.0    7.31E-01   9.79E-04   1.60E-06   8.44E-10   1.84E-11   9.87E-12
  18.0    18.1    2.93E-06   1.32E-11   1.32E-11   1.00E-99   1.00E-99   1.00E-99
  18.1    18.2    2.93E-06   1.32E-11   1.32E-11   1.00E-99   1.00E-99   1.00E-99
  18.2    18.3    2.93E-06   1.32E-11   1.32E-11   1.00E-99   1.00E-99   1.00E-99
  18.3    18.4    2.93E-06   1.32E-11   1.32E-11   1.00E-99   1.00E-99   1.00E-99
  18.4    18.5    2.93E-06   1.32E-11   1.32E-11   1.00E-99   1.00E-99   1.00E-99
  18.5    18.6    2.93E-06   1.32E-11   1.32E-11   1.00E-99   1.00E-99   1.00E-99
  18.6    18.7    2.93E-06   1.32E-11   1.32E-11   1.00E-99   1.00E-99   1.00E-99
  18.7    18.8    2.93E-06   1.32E-11   1.32E-11   1.00E-99   1.00E-99   1.00E-99
  18.8    18.9    2.93E-06   1.32E-11   1.32E-11   1.00E-99   1.00E-99   1.00E-99
  18.9    19.0    2.93E-06   1.32E-11   1.32E-11   1.00E-99   1.00E-99   1.00E-99
  19.0    19.1    2.93E-06   1.32E-11   1.32E-11   1.00E-99   1.00E-99   1.00E-99
  19.1    19.2    2.93E-06   1.32E-11   1.32E-11   1.00E-99   1.00E-99   1.00E-99
  19.2    19.3    2.93E-06   1.32E-11   1.32E-11   1.00E-99   1.00E-99   1.00E-99
  19.3    19.4    2.93E-06   1.32E-11   1.32E-11   1.00E-99   1.00E-99   1.00E-99
  19.4    19.5    2.93E-06   1.32E-11   1.32E-11   1.00E-99   1.00E-99   1.00E-99
  19.5    19.6    2.93E-06   1.32E-11   1.32E-11   1.00E-99   1.00E-99   1.00E-99
  19.6    19.7    2.93E-06   1.32E-11   1.32E-11   1.00E-99   1.00E-99   1.00E-99
  19.7    19.8    2.93E-06   1.32E-11   1.32E-11   1.00E-99   1.00E-99   1.00E-99
  19.8    19.9    2.93E-06   1.32E-11   1.32E-11   1.00E-99   1.00E-99   1.00E-99
  19.9    20.0    2.93E-06   1.32E-11   1.32E-11   1.00E-99   1.00E-99   1.00E-99
  20.0    20.1    1.00E-99   1.00E-99   1.00E-99   1.00E-99   1.00E-99   1.00E-99
  20.1    20.2    1.00E-99   1.00E-99   1.00E-99   1.00E-99   1.00E-99   1.00E-99
  20.2    20.3    1.00E-99   1.00E-99   1.00E-99   1.00E-99   1.00E-99   1.00E-99
  20.3    20.4    1.00E-99   1.00E-99   1.00E-99   1.00E-99   1.00E-99   1.00E-99
  20.4    20.5    1.00E-99   1.00E-99   1.00E-99   1.00E-99   1.00E-99   1.00E-99
  20.5    20.6    1.00E-99   1.00E-99   1.00E-99   1.00E-99   1.00E-99   1.00E-99
  20.6    20.7    1.00E-99   1.00E-99   1.00E-99   1.00E-99   1.00E-99   1.00E-99
  20.7    20.8    1.00E-99   1.00E-99   1.00E-99   1.00E-99   1.00E-99   1.00E-99
  20.8    20.9    1.00E-99   1.00E-99   1.00E-99   1.00E-99   1.00E-99   1.00E-99
  20.9    21.0    1.00E-99   1.00E-99   1.00E-99   1.00E-99   1.00E-99   1.00E-99
  21.0    21.1    1.00E-99   1.00E-99   1.00E-99   1.00E-99   1.00E-99   1.00E-99
  21.1    21.2    1.00E-99   1.00E-99   1.00E-99   1.00E-99   1.00E-99   1.00E-99
  21.2    21.3    1.00E-99   1.00E-99   1.00E-99   1.00E-99   1.00E-99   1.00E-99
  21.3    21.4    1.00E-99   1.00E-99   1.00E-99   1.00E-99   1.00E-99   1.00E-99
  21.4    21.5    1.00E-99   1.00E-99   1.00E-99   1.00E-99   1.00E-99   1.00E-99
  21.5    21.6    1.00E-99   1.00E-99   1.00E-99   1.00E-99   1.00E-99   1.00E-99
  21.6    21.7    1.00E-99   1.00E-99   1.00E-99   1.00E-99   1.00E-99   1.00E-99
  21.7    21.8    1.00E-99   1.00E-99   1.00E-99   1.00E-99   1.00E-99   1.00E-99
  21.8    21.9    1.00E-99   1.00E-99   1.00E-99   1.00E-99   1.00E-99   1.00E-99
  21.9    22.0    1.00E-99   1.00E-99   1.00E-99   1.00E-99   1.00E-99   1.00E-99
  22.0    22.1    1.00E-99   1.00E-99   1.00E-99   1.00E-99   1.00E-99   1.00E-99
  22.1    22.2    1.00E-99   1.00E-99   1.00E-99   1.00E-99   1.00E-99   1.00E-99
  22.2    22.3    1.00E-99   1.00E-99   1.00E-99   1.00E-99   1.00E-99   1.00E-99
  22.3    22.4    1.00E-99   1.00E-99   1.00E-99   1.00E-99   1.00E-99   1.00E-99
  22.4    22.5    1.00E-99   1.00E-99   1.00E-99   1.00E-99   1.00E-99   1.00E-99
  22.5    22.6    1.00E-99   1.00E-99   1.00E-99   1.00E-99   1.00E-99   1.00E-99
  22.6    22.7    1.00E-99   1.00E-99   1.00E-99   1.00E-99   1.00E-99   1.00E-99
  22.7    22.8    1.00E-99   1.00E-99   1.00E-99   1.00E-99   1.00E-99   1.00E-99
  22.8    22.9    1.00E-99   1.00E-99   1.00E-99   1.00E-99   1.00E-99   1.00E-99
  22.9    23.0    1.00E-99   1.00E-99   1.00E-99   1.00E-99   1.00E-99   1.00E-99
